<?xml version="1.0" encoding="utf-8"?><testsuites name="pytest tests"><testsuite name="pytest" errors="6" failures="0" skipped="1" tests="7" time="3.687" timestamp="2025-10-11T12:14:29.353655-05:00" hostname="SunnyDatas-MacBook-Air-1379.local"><testcase classname="tests.unit_tests.test_dataprocessor" name="test_data_ingestion" time="0.122"><error message="failed on setup with &quot;pyspark.errors.exceptions.base.PySparkRuntimeError: [JAVA_GATEWAY_EXITED] Java gateway process exited before sending its port number.&quot;">@pytest.fixture(scope="session")
    def spark_session() -&gt; SparkSession:
        """Create and return a SparkSession for testing.
    
        This fixture creates a SparkSession with the specified configuration and returns it for use in tests.
        """
        # One way
        # spark = SparkSession.builder.getOrCreate()  # noqa
        # Alternative way - better
        spark = (
            SparkSession.builder.master(spark_config.master)
            .appName(spark_config.app_name)
            .config("spark.executor.cores", spark_config.spark_executor_cores)
            .config("spark.executor.instances", spark_config.spark_executor_instances)
            .config("spark.sql.shuffle.partitions", spark_config.spark_sql_shuffle_partitions)
            .config("spark.driver.bindAddress", spark_config.spark_driver_bindAddress)
&gt;           .getOrCreate()
             ^^^^^^^^^^^^^
        )

tests/fixtures/datapreprocessor_fixture.py:30: 
_ _ _ _ _ _ _ _ _ _ _ _ _ _ _ _ _ _ _ _ _ _ _ _ _ _ _ _ _ _ _ _ _ _ _ _ _ _ _ _ _ _ _ _ _ _ _ _ _ _ _ _ _ _ 
.venv/lib/python3.12/site-packages/pyspark/sql/session.py:497: in getOrCreate
    sc = SparkContext.getOrCreate(sparkConf)
         ^^^^^^^^^^^^^^^^^^^^^^^^^^^^^^^^^^^
.venv/lib/python3.12/site-packages/pyspark/context.py:515: in getOrCreate
    SparkContext(conf=conf or SparkConf())
.venv/lib/python3.12/site-packages/pyspark/context.py:201: in __init__
    SparkContext._ensure_initialized(self, gateway=gateway, conf=conf)
.venv/lib/python3.12/site-packages/pyspark/context.py:436: in _ensure_initialized
    SparkContext._gateway = gateway or launch_gateway(conf)
                                       ^^^^^^^^^^^^^^^^^^^^
_ _ _ _ _ _ _ _ _ _ _ _ _ _ _ _ _ _ _ _ _ _ _ _ _ _ _ _ _ _ _ _ _ _ _ _ _ _ _ _ _ _ _ _ _ _ _ _ _ _ _ _ _ _ 

conf = &lt;pyspark.conf.SparkConf object at 0x16734a1e0&gt;
popen_kwargs = {'env': {'BUNDLED_DEBUGPY_PATH': '/Users/david.flores/.vscode/extensions/ms-python.debugpy-2025.10.0-darwin-arm64/bund...COV_CORE_CONFIG': ':', ...}, 'preexec_fn': &lt;function launch_gateway.&lt;locals&gt;.preexec_func at 0x171676840&gt;, 'stdin': -1}

    def launch_gateway(conf=None, popen_kwargs=None):
        """
        launch jvm gateway
    
        Parameters
        ----------
        conf : :py:class:`pyspark.SparkConf`
            spark configuration passed to spark-submit
        popen_kwargs : dict
            Dictionary of kwargs to pass to Popen when spawning
            the py4j JVM. This is a developer feature intended for use in
            customizing how pyspark interacts with the py4j JVM (e.g., capturing
            stdout/stderr).
    
        Returns
        -------
        ClientServer or JavaGateway
        """
        if "PYSPARK_GATEWAY_PORT" in os.environ:
            gateway_port = int(os.environ["PYSPARK_GATEWAY_PORT"])
            gateway_secret = os.environ["PYSPARK_GATEWAY_SECRET"]
            # Process already exists
            proc = None
        else:
            SPARK_HOME = _find_spark_home()
            # Launch the Py4j gateway using Spark's run command so that we pick up the
            # proper classpath and settings from spark-env.sh
            on_windows = platform.system() == "Windows"
            script = "./bin/spark-submit.cmd" if on_windows else "./bin/spark-submit"
            command = [os.path.join(SPARK_HOME, script)]
            if conf:
                for k, v in conf.getAll():
                    command += ["--conf", "%s=%s" % (k, v)]
            submit_args = os.environ.get("PYSPARK_SUBMIT_ARGS", "pyspark-shell")
            if os.environ.get("SPARK_TESTING"):
                submit_args = " ".join(["--conf spark.ui.enabled=false", submit_args])
            command = command + shlex.split(submit_args)
    
            # Create a temporary directory where the gateway server should write the connection
            # information.
            conn_info_dir = tempfile.mkdtemp()
            try:
                fd, conn_info_file = tempfile.mkstemp(dir=conn_info_dir)
                os.close(fd)
                os.unlink(conn_info_file)
    
                env = dict(os.environ)
                env["_PYSPARK_DRIVER_CONN_INFO_PATH"] = conn_info_file
    
                # Launch the Java gateway.
                popen_kwargs = {} if popen_kwargs is None else popen_kwargs
                # We open a pipe to stdin so that the Java gateway can die when the pipe is broken
                popen_kwargs["stdin"] = PIPE
                # We always set the necessary environment variables.
                popen_kwargs["env"] = env
                if not on_windows:
                    # Don't send ctrl-c / SIGINT to the Java gateway:
                    def preexec_func():
                        signal.signal(signal.SIGINT, signal.SIG_IGN)
    
                    popen_kwargs["preexec_fn"] = preexec_func
                    proc = Popen(command, **popen_kwargs)
                else:
                    # preexec_fn not supported on Windows
                    proc = Popen(command, **popen_kwargs)
    
                # Wait for the file to appear, or for the process to exit, whichever happens first.
                while not proc.poll() and not os.path.isfile(conn_info_file):
                    time.sleep(0.1)
    
                if not os.path.isfile(conn_info_file):
&gt;                   raise PySparkRuntimeError(
                        error_class="JAVA_GATEWAY_EXITED",
                        message_parameters={},
                    )
E                   pyspark.errors.exceptions.base.PySparkRuntimeError: [JAVA_GATEWAY_EXITED] Java gateway process exited before sending its port number.

.venv/lib/python3.12/site-packages/pyspark/java_gateway.py:107: PySparkRuntimeError</error></testcase><testcase classname="tests.unit_tests.test_dataprocessor" name="test_dataprocessor_init" time="0.000"><error message="failed on setup with &quot;pyspark.errors.exceptions.base.PySparkRuntimeError: [JAVA_GATEWAY_EXITED] Java gateway process exited before sending its port number.&quot;">@pytest.fixture(scope="session")
    def spark_session() -&gt; SparkSession:
        """Create and return a SparkSession for testing.
    
        This fixture creates a SparkSession with the specified configuration and returns it for use in tests.
        """
        # One way
        # spark = SparkSession.builder.getOrCreate()  # noqa
        # Alternative way - better
        spark = (
            SparkSession.builder.master(spark_config.master)
            .appName(spark_config.app_name)
            .config("spark.executor.cores", spark_config.spark_executor_cores)
            .config("spark.executor.instances", spark_config.spark_executor_instances)
            .config("spark.sql.shuffle.partitions", spark_config.spark_sql_shuffle_partitions)
            .config("spark.driver.bindAddress", spark_config.spark_driver_bindAddress)
&gt;           .getOrCreate()
             ^^^^^^^^^^^^^
        )

tests/fixtures/datapreprocessor_fixture.py:30: 
_ _ _ _ _ _ _ _ _ _ _ _ _ _ _ _ _ _ _ _ _ _ _ _ _ _ _ _ _ _ _ _ _ _ _ _ _ _ _ _ _ _ _ _ _ _ _ _ _ _ _ _ _ _ 
.venv/lib/python3.12/site-packages/pyspark/sql/session.py:497: in getOrCreate
    sc = SparkContext.getOrCreate(sparkConf)
         ^^^^^^^^^^^^^^^^^^^^^^^^^^^^^^^^^^^
.venv/lib/python3.12/site-packages/pyspark/context.py:515: in getOrCreate
    SparkContext(conf=conf or SparkConf())
.venv/lib/python3.12/site-packages/pyspark/context.py:201: in __init__
    SparkContext._ensure_initialized(self, gateway=gateway, conf=conf)
.venv/lib/python3.12/site-packages/pyspark/context.py:436: in _ensure_initialized
    SparkContext._gateway = gateway or launch_gateway(conf)
                                       ^^^^^^^^^^^^^^^^^^^^
_ _ _ _ _ _ _ _ _ _ _ _ _ _ _ _ _ _ _ _ _ _ _ _ _ _ _ _ _ _ _ _ _ _ _ _ _ _ _ _ _ _ _ _ _ _ _ _ _ _ _ _ _ _ 

conf = &lt;pyspark.conf.SparkConf object at 0x16734a1e0&gt;
popen_kwargs = {'env': {'BUNDLED_DEBUGPY_PATH': '/Users/david.flores/.vscode/extensions/ms-python.debugpy-2025.10.0-darwin-arm64/bund...COV_CORE_CONFIG': ':', ...}, 'preexec_fn': &lt;function launch_gateway.&lt;locals&gt;.preexec_func at 0x171676840&gt;, 'stdin': -1}

    def launch_gateway(conf=None, popen_kwargs=None):
        """
        launch jvm gateway
    
        Parameters
        ----------
        conf : :py:class:`pyspark.SparkConf`
            spark configuration passed to spark-submit
        popen_kwargs : dict
            Dictionary of kwargs to pass to Popen when spawning
            the py4j JVM. This is a developer feature intended for use in
            customizing how pyspark interacts with the py4j JVM (e.g., capturing
            stdout/stderr).
    
        Returns
        -------
        ClientServer or JavaGateway
        """
        if "PYSPARK_GATEWAY_PORT" in os.environ:
            gateway_port = int(os.environ["PYSPARK_GATEWAY_PORT"])
            gateway_secret = os.environ["PYSPARK_GATEWAY_SECRET"]
            # Process already exists
            proc = None
        else:
            SPARK_HOME = _find_spark_home()
            # Launch the Py4j gateway using Spark's run command so that we pick up the
            # proper classpath and settings from spark-env.sh
            on_windows = platform.system() == "Windows"
            script = "./bin/spark-submit.cmd" if on_windows else "./bin/spark-submit"
            command = [os.path.join(SPARK_HOME, script)]
            if conf:
                for k, v in conf.getAll():
                    command += ["--conf", "%s=%s" % (k, v)]
            submit_args = os.environ.get("PYSPARK_SUBMIT_ARGS", "pyspark-shell")
            if os.environ.get("SPARK_TESTING"):
                submit_args = " ".join(["--conf spark.ui.enabled=false", submit_args])
            command = command + shlex.split(submit_args)
    
            # Create a temporary directory where the gateway server should write the connection
            # information.
            conn_info_dir = tempfile.mkdtemp()
            try:
                fd, conn_info_file = tempfile.mkstemp(dir=conn_info_dir)
                os.close(fd)
                os.unlink(conn_info_file)
    
                env = dict(os.environ)
                env["_PYSPARK_DRIVER_CONN_INFO_PATH"] = conn_info_file
    
                # Launch the Java gateway.
                popen_kwargs = {} if popen_kwargs is None else popen_kwargs
                # We open a pipe to stdin so that the Java gateway can die when the pipe is broken
                popen_kwargs["stdin"] = PIPE
                # We always set the necessary environment variables.
                popen_kwargs["env"] = env
                if not on_windows:
                    # Don't send ctrl-c / SIGINT to the Java gateway:
                    def preexec_func():
                        signal.signal(signal.SIGINT, signal.SIG_IGN)
    
                    popen_kwargs["preexec_fn"] = preexec_func
                    proc = Popen(command, **popen_kwargs)
                else:
                    # preexec_fn not supported on Windows
                    proc = Popen(command, **popen_kwargs)
    
                # Wait for the file to appear, or for the process to exit, whichever happens first.
                while not proc.poll() and not os.path.isfile(conn_info_file):
                    time.sleep(0.1)
    
                if not os.path.isfile(conn_info_file):
&gt;                   raise PySparkRuntimeError(
                        error_class="JAVA_GATEWAY_EXITED",
                        message_parameters={},
                    )
E                   pyspark.errors.exceptions.base.PySparkRuntimeError: [JAVA_GATEWAY_EXITED] Java gateway process exited before sending its port number.

.venv/lib/python3.12/site-packages/pyspark/java_gateway.py:107: PySparkRuntimeError</error></testcase><testcase classname="tests.unit_tests.test_dataprocessor" name="test_column_transformations" time="0.000"><error message="failed on setup with &quot;pyspark.errors.exceptions.base.PySparkRuntimeError: [JAVA_GATEWAY_EXITED] Java gateway process exited before sending its port number.&quot;">@pytest.fixture(scope="session")
    def spark_session() -&gt; SparkSession:
        """Create and return a SparkSession for testing.
    
        This fixture creates a SparkSession with the specified configuration and returns it for use in tests.
        """
        # One way
        # spark = SparkSession.builder.getOrCreate()  # noqa
        # Alternative way - better
        spark = (
            SparkSession.builder.master(spark_config.master)
            .appName(spark_config.app_name)
            .config("spark.executor.cores", spark_config.spark_executor_cores)
            .config("spark.executor.instances", spark_config.spark_executor_instances)
            .config("spark.sql.shuffle.partitions", spark_config.spark_sql_shuffle_partitions)
            .config("spark.driver.bindAddress", spark_config.spark_driver_bindAddress)
&gt;           .getOrCreate()
             ^^^^^^^^^^^^^
        )

tests/fixtures/datapreprocessor_fixture.py:30: 
_ _ _ _ _ _ _ _ _ _ _ _ _ _ _ _ _ _ _ _ _ _ _ _ _ _ _ _ _ _ _ _ _ _ _ _ _ _ _ _ _ _ _ _ _ _ _ _ _ _ _ _ _ _ 
.venv/lib/python3.12/site-packages/pyspark/sql/session.py:497: in getOrCreate
    sc = SparkContext.getOrCreate(sparkConf)
         ^^^^^^^^^^^^^^^^^^^^^^^^^^^^^^^^^^^
.venv/lib/python3.12/site-packages/pyspark/context.py:515: in getOrCreate
    SparkContext(conf=conf or SparkConf())
.venv/lib/python3.12/site-packages/pyspark/context.py:201: in __init__
    SparkContext._ensure_initialized(self, gateway=gateway, conf=conf)
.venv/lib/python3.12/site-packages/pyspark/context.py:436: in _ensure_initialized
    SparkContext._gateway = gateway or launch_gateway(conf)
                                       ^^^^^^^^^^^^^^^^^^^^
_ _ _ _ _ _ _ _ _ _ _ _ _ _ _ _ _ _ _ _ _ _ _ _ _ _ _ _ _ _ _ _ _ _ _ _ _ _ _ _ _ _ _ _ _ _ _ _ _ _ _ _ _ _ 

conf = &lt;pyspark.conf.SparkConf object at 0x16734a1e0&gt;
popen_kwargs = {'env': {'BUNDLED_DEBUGPY_PATH': '/Users/david.flores/.vscode/extensions/ms-python.debugpy-2025.10.0-darwin-arm64/bund...COV_CORE_CONFIG': ':', ...}, 'preexec_fn': &lt;function launch_gateway.&lt;locals&gt;.preexec_func at 0x171676840&gt;, 'stdin': -1}

    def launch_gateway(conf=None, popen_kwargs=None):
        """
        launch jvm gateway
    
        Parameters
        ----------
        conf : :py:class:`pyspark.SparkConf`
            spark configuration passed to spark-submit
        popen_kwargs : dict
            Dictionary of kwargs to pass to Popen when spawning
            the py4j JVM. This is a developer feature intended for use in
            customizing how pyspark interacts with the py4j JVM (e.g., capturing
            stdout/stderr).
    
        Returns
        -------
        ClientServer or JavaGateway
        """
        if "PYSPARK_GATEWAY_PORT" in os.environ:
            gateway_port = int(os.environ["PYSPARK_GATEWAY_PORT"])
            gateway_secret = os.environ["PYSPARK_GATEWAY_SECRET"]
            # Process already exists
            proc = None
        else:
            SPARK_HOME = _find_spark_home()
            # Launch the Py4j gateway using Spark's run command so that we pick up the
            # proper classpath and settings from spark-env.sh
            on_windows = platform.system() == "Windows"
            script = "./bin/spark-submit.cmd" if on_windows else "./bin/spark-submit"
            command = [os.path.join(SPARK_HOME, script)]
            if conf:
                for k, v in conf.getAll():
                    command += ["--conf", "%s=%s" % (k, v)]
            submit_args = os.environ.get("PYSPARK_SUBMIT_ARGS", "pyspark-shell")
            if os.environ.get("SPARK_TESTING"):
                submit_args = " ".join(["--conf spark.ui.enabled=false", submit_args])
            command = command + shlex.split(submit_args)
    
            # Create a temporary directory where the gateway server should write the connection
            # information.
            conn_info_dir = tempfile.mkdtemp()
            try:
                fd, conn_info_file = tempfile.mkstemp(dir=conn_info_dir)
                os.close(fd)
                os.unlink(conn_info_file)
    
                env = dict(os.environ)
                env["_PYSPARK_DRIVER_CONN_INFO_PATH"] = conn_info_file
    
                # Launch the Java gateway.
                popen_kwargs = {} if popen_kwargs is None else popen_kwargs
                # We open a pipe to stdin so that the Java gateway can die when the pipe is broken
                popen_kwargs["stdin"] = PIPE
                # We always set the necessary environment variables.
                popen_kwargs["env"] = env
                if not on_windows:
                    # Don't send ctrl-c / SIGINT to the Java gateway:
                    def preexec_func():
                        signal.signal(signal.SIGINT, signal.SIG_IGN)
    
                    popen_kwargs["preexec_fn"] = preexec_func
                    proc = Popen(command, **popen_kwargs)
                else:
                    # preexec_fn not supported on Windows
                    proc = Popen(command, **popen_kwargs)
    
                # Wait for the file to appear, or for the process to exit, whichever happens first.
                while not proc.poll() and not os.path.isfile(conn_info_file):
                    time.sleep(0.1)
    
                if not os.path.isfile(conn_info_file):
&gt;                   raise PySparkRuntimeError(
                        error_class="JAVA_GATEWAY_EXITED",
                        message_parameters={},
                    )
E                   pyspark.errors.exceptions.base.PySparkRuntimeError: [JAVA_GATEWAY_EXITED] Java gateway process exited before sending its port number.

.venv/lib/python3.12/site-packages/pyspark/java_gateway.py:107: PySparkRuntimeError</error></testcase><testcase classname="tests.unit_tests.test_dataprocessor" name="test_column_selection" time="0.000"><error message="failed on setup with &quot;pyspark.errors.exceptions.base.PySparkRuntimeError: [JAVA_GATEWAY_EXITED] Java gateway process exited before sending its port number.&quot;">@pytest.fixture(scope="session")
    def spark_session() -&gt; SparkSession:
        """Create and return a SparkSession for testing.
    
        This fixture creates a SparkSession with the specified configuration and returns it for use in tests.
        """
        # One way
        # spark = SparkSession.builder.getOrCreate()  # noqa
        # Alternative way - better
        spark = (
            SparkSession.builder.master(spark_config.master)
            .appName(spark_config.app_name)
            .config("spark.executor.cores", spark_config.spark_executor_cores)
            .config("spark.executor.instances", spark_config.spark_executor_instances)
            .config("spark.sql.shuffle.partitions", spark_config.spark_sql_shuffle_partitions)
            .config("spark.driver.bindAddress", spark_config.spark_driver_bindAddress)
&gt;           .getOrCreate()
             ^^^^^^^^^^^^^
        )

tests/fixtures/datapreprocessor_fixture.py:30: 
_ _ _ _ _ _ _ _ _ _ _ _ _ _ _ _ _ _ _ _ _ _ _ _ _ _ _ _ _ _ _ _ _ _ _ _ _ _ _ _ _ _ _ _ _ _ _ _ _ _ _ _ _ _ 
.venv/lib/python3.12/site-packages/pyspark/sql/session.py:497: in getOrCreate
    sc = SparkContext.getOrCreate(sparkConf)
         ^^^^^^^^^^^^^^^^^^^^^^^^^^^^^^^^^^^
.venv/lib/python3.12/site-packages/pyspark/context.py:515: in getOrCreate
    SparkContext(conf=conf or SparkConf())
.venv/lib/python3.12/site-packages/pyspark/context.py:201: in __init__
    SparkContext._ensure_initialized(self, gateway=gateway, conf=conf)
.venv/lib/python3.12/site-packages/pyspark/context.py:436: in _ensure_initialized
    SparkContext._gateway = gateway or launch_gateway(conf)
                                       ^^^^^^^^^^^^^^^^^^^^
_ _ _ _ _ _ _ _ _ _ _ _ _ _ _ _ _ _ _ _ _ _ _ _ _ _ _ _ _ _ _ _ _ _ _ _ _ _ _ _ _ _ _ _ _ _ _ _ _ _ _ _ _ _ 

conf = &lt;pyspark.conf.SparkConf object at 0x16734a1e0&gt;
popen_kwargs = {'env': {'BUNDLED_DEBUGPY_PATH': '/Users/david.flores/.vscode/extensions/ms-python.debugpy-2025.10.0-darwin-arm64/bund...COV_CORE_CONFIG': ':', ...}, 'preexec_fn': &lt;function launch_gateway.&lt;locals&gt;.preexec_func at 0x171676840&gt;, 'stdin': -1}

    def launch_gateway(conf=None, popen_kwargs=None):
        """
        launch jvm gateway
    
        Parameters
        ----------
        conf : :py:class:`pyspark.SparkConf`
            spark configuration passed to spark-submit
        popen_kwargs : dict
            Dictionary of kwargs to pass to Popen when spawning
            the py4j JVM. This is a developer feature intended for use in
            customizing how pyspark interacts with the py4j JVM (e.g., capturing
            stdout/stderr).
    
        Returns
        -------
        ClientServer or JavaGateway
        """
        if "PYSPARK_GATEWAY_PORT" in os.environ:
            gateway_port = int(os.environ["PYSPARK_GATEWAY_PORT"])
            gateway_secret = os.environ["PYSPARK_GATEWAY_SECRET"]
            # Process already exists
            proc = None
        else:
            SPARK_HOME = _find_spark_home()
            # Launch the Py4j gateway using Spark's run command so that we pick up the
            # proper classpath and settings from spark-env.sh
            on_windows = platform.system() == "Windows"
            script = "./bin/spark-submit.cmd" if on_windows else "./bin/spark-submit"
            command = [os.path.join(SPARK_HOME, script)]
            if conf:
                for k, v in conf.getAll():
                    command += ["--conf", "%s=%s" % (k, v)]
            submit_args = os.environ.get("PYSPARK_SUBMIT_ARGS", "pyspark-shell")
            if os.environ.get("SPARK_TESTING"):
                submit_args = " ".join(["--conf spark.ui.enabled=false", submit_args])
            command = command + shlex.split(submit_args)
    
            # Create a temporary directory where the gateway server should write the connection
            # information.
            conn_info_dir = tempfile.mkdtemp()
            try:
                fd, conn_info_file = tempfile.mkstemp(dir=conn_info_dir)
                os.close(fd)
                os.unlink(conn_info_file)
    
                env = dict(os.environ)
                env["_PYSPARK_DRIVER_CONN_INFO_PATH"] = conn_info_file
    
                # Launch the Java gateway.
                popen_kwargs = {} if popen_kwargs is None else popen_kwargs
                # We open a pipe to stdin so that the Java gateway can die when the pipe is broken
                popen_kwargs["stdin"] = PIPE
                # We always set the necessary environment variables.
                popen_kwargs["env"] = env
                if not on_windows:
                    # Don't send ctrl-c / SIGINT to the Java gateway:
                    def preexec_func():
                        signal.signal(signal.SIGINT, signal.SIG_IGN)
    
                    popen_kwargs["preexec_fn"] = preexec_func
                    proc = Popen(command, **popen_kwargs)
                else:
                    # preexec_fn not supported on Windows
                    proc = Popen(command, **popen_kwargs)
    
                # Wait for the file to appear, or for the process to exit, whichever happens first.
                while not proc.poll() and not os.path.isfile(conn_info_file):
                    time.sleep(0.1)
    
                if not os.path.isfile(conn_info_file):
&gt;                   raise PySparkRuntimeError(
                        error_class="JAVA_GATEWAY_EXITED",
                        message_parameters={},
                    )
E                   pyspark.errors.exceptions.base.PySparkRuntimeError: [JAVA_GATEWAY_EXITED] Java gateway process exited before sending its port number.

.venv/lib/python3.12/site-packages/pyspark/java_gateway.py:107: PySparkRuntimeError</error></testcase><testcase classname="tests.unit_tests.test_dataprocessor" name="test_split_data_default_params" time="0.000"><error message="failed on setup with &quot;pyspark.errors.exceptions.base.PySparkRuntimeError: [JAVA_GATEWAY_EXITED] Java gateway process exited before sending its port number.&quot;">@pytest.fixture(scope="session")
    def spark_session() -&gt; SparkSession:
        """Create and return a SparkSession for testing.
    
        This fixture creates a SparkSession with the specified configuration and returns it for use in tests.
        """
        # One way
        # spark = SparkSession.builder.getOrCreate()  # noqa
        # Alternative way - better
        spark = (
            SparkSession.builder.master(spark_config.master)
            .appName(spark_config.app_name)
            .config("spark.executor.cores", spark_config.spark_executor_cores)
            .config("spark.executor.instances", spark_config.spark_executor_instances)
            .config("spark.sql.shuffle.partitions", spark_config.spark_sql_shuffle_partitions)
            .config("spark.driver.bindAddress", spark_config.spark_driver_bindAddress)
&gt;           .getOrCreate()
             ^^^^^^^^^^^^^
        )

tests/fixtures/datapreprocessor_fixture.py:30: 
_ _ _ _ _ _ _ _ _ _ _ _ _ _ _ _ _ _ _ _ _ _ _ _ _ _ _ _ _ _ _ _ _ _ _ _ _ _ _ _ _ _ _ _ _ _ _ _ _ _ _ _ _ _ 
.venv/lib/python3.12/site-packages/pyspark/sql/session.py:497: in getOrCreate
    sc = SparkContext.getOrCreate(sparkConf)
         ^^^^^^^^^^^^^^^^^^^^^^^^^^^^^^^^^^^
.venv/lib/python3.12/site-packages/pyspark/context.py:515: in getOrCreate
    SparkContext(conf=conf or SparkConf())
.venv/lib/python3.12/site-packages/pyspark/context.py:201: in __init__
    SparkContext._ensure_initialized(self, gateway=gateway, conf=conf)
.venv/lib/python3.12/site-packages/pyspark/context.py:436: in _ensure_initialized
    SparkContext._gateway = gateway or launch_gateway(conf)
                                       ^^^^^^^^^^^^^^^^^^^^
_ _ _ _ _ _ _ _ _ _ _ _ _ _ _ _ _ _ _ _ _ _ _ _ _ _ _ _ _ _ _ _ _ _ _ _ _ _ _ _ _ _ _ _ _ _ _ _ _ _ _ _ _ _ 

conf = &lt;pyspark.conf.SparkConf object at 0x16734a1e0&gt;
popen_kwargs = {'env': {'BUNDLED_DEBUGPY_PATH': '/Users/david.flores/.vscode/extensions/ms-python.debugpy-2025.10.0-darwin-arm64/bund...COV_CORE_CONFIG': ':', ...}, 'preexec_fn': &lt;function launch_gateway.&lt;locals&gt;.preexec_func at 0x171676840&gt;, 'stdin': -1}

    def launch_gateway(conf=None, popen_kwargs=None):
        """
        launch jvm gateway
    
        Parameters
        ----------
        conf : :py:class:`pyspark.SparkConf`
            spark configuration passed to spark-submit
        popen_kwargs : dict
            Dictionary of kwargs to pass to Popen when spawning
            the py4j JVM. This is a developer feature intended for use in
            customizing how pyspark interacts with the py4j JVM (e.g., capturing
            stdout/stderr).
    
        Returns
        -------
        ClientServer or JavaGateway
        """
        if "PYSPARK_GATEWAY_PORT" in os.environ:
            gateway_port = int(os.environ["PYSPARK_GATEWAY_PORT"])
            gateway_secret = os.environ["PYSPARK_GATEWAY_SECRET"]
            # Process already exists
            proc = None
        else:
            SPARK_HOME = _find_spark_home()
            # Launch the Py4j gateway using Spark's run command so that we pick up the
            # proper classpath and settings from spark-env.sh
            on_windows = platform.system() == "Windows"
            script = "./bin/spark-submit.cmd" if on_windows else "./bin/spark-submit"
            command = [os.path.join(SPARK_HOME, script)]
            if conf:
                for k, v in conf.getAll():
                    command += ["--conf", "%s=%s" % (k, v)]
            submit_args = os.environ.get("PYSPARK_SUBMIT_ARGS", "pyspark-shell")
            if os.environ.get("SPARK_TESTING"):
                submit_args = " ".join(["--conf spark.ui.enabled=false", submit_args])
            command = command + shlex.split(submit_args)
    
            # Create a temporary directory where the gateway server should write the connection
            # information.
            conn_info_dir = tempfile.mkdtemp()
            try:
                fd, conn_info_file = tempfile.mkstemp(dir=conn_info_dir)
                os.close(fd)
                os.unlink(conn_info_file)
    
                env = dict(os.environ)
                env["_PYSPARK_DRIVER_CONN_INFO_PATH"] = conn_info_file
    
                # Launch the Java gateway.
                popen_kwargs = {} if popen_kwargs is None else popen_kwargs
                # We open a pipe to stdin so that the Java gateway can die when the pipe is broken
                popen_kwargs["stdin"] = PIPE
                # We always set the necessary environment variables.
                popen_kwargs["env"] = env
                if not on_windows:
                    # Don't send ctrl-c / SIGINT to the Java gateway:
                    def preexec_func():
                        signal.signal(signal.SIGINT, signal.SIG_IGN)
    
                    popen_kwargs["preexec_fn"] = preexec_func
                    proc = Popen(command, **popen_kwargs)
                else:
                    # preexec_fn not supported on Windows
                    proc = Popen(command, **popen_kwargs)
    
                # Wait for the file to appear, or for the process to exit, whichever happens first.
                while not proc.poll() and not os.path.isfile(conn_info_file):
                    time.sleep(0.1)
    
                if not os.path.isfile(conn_info_file):
&gt;                   raise PySparkRuntimeError(
                        error_class="JAVA_GATEWAY_EXITED",
                        message_parameters={},
                    )
E                   pyspark.errors.exceptions.base.PySparkRuntimeError: [JAVA_GATEWAY_EXITED] Java gateway process exited before sending its port number.

.venv/lib/python3.12/site-packages/pyspark/java_gateway.py:107: PySparkRuntimeError</error></testcase><testcase classname="tests.unit_tests.test_dataprocessor" name="test_preprocess_empty_dataframe" time="0.000"><error message="failed on setup with &quot;pyspark.errors.exceptions.base.PySparkRuntimeError: [JAVA_GATEWAY_EXITED] Java gateway process exited before sending its port number.&quot;">@pytest.fixture(scope="session")
    def spark_session() -&gt; SparkSession:
        """Create and return a SparkSession for testing.
    
        This fixture creates a SparkSession with the specified configuration and returns it for use in tests.
        """
        # One way
        # spark = SparkSession.builder.getOrCreate()  # noqa
        # Alternative way - better
        spark = (
            SparkSession.builder.master(spark_config.master)
            .appName(spark_config.app_name)
            .config("spark.executor.cores", spark_config.spark_executor_cores)
            .config("spark.executor.instances", spark_config.spark_executor_instances)
            .config("spark.sql.shuffle.partitions", spark_config.spark_sql_shuffle_partitions)
            .config("spark.driver.bindAddress", spark_config.spark_driver_bindAddress)
&gt;           .getOrCreate()
             ^^^^^^^^^^^^^
        )

tests/fixtures/datapreprocessor_fixture.py:30: 
_ _ _ _ _ _ _ _ _ _ _ _ _ _ _ _ _ _ _ _ _ _ _ _ _ _ _ _ _ _ _ _ _ _ _ _ _ _ _ _ _ _ _ _ _ _ _ _ _ _ _ _ _ _ 
.venv/lib/python3.12/site-packages/pyspark/sql/session.py:497: in getOrCreate
    sc = SparkContext.getOrCreate(sparkConf)
         ^^^^^^^^^^^^^^^^^^^^^^^^^^^^^^^^^^^
.venv/lib/python3.12/site-packages/pyspark/context.py:515: in getOrCreate
    SparkContext(conf=conf or SparkConf())
.venv/lib/python3.12/site-packages/pyspark/context.py:201: in __init__
    SparkContext._ensure_initialized(self, gateway=gateway, conf=conf)
.venv/lib/python3.12/site-packages/pyspark/context.py:436: in _ensure_initialized
    SparkContext._gateway = gateway or launch_gateway(conf)
                                       ^^^^^^^^^^^^^^^^^^^^
_ _ _ _ _ _ _ _ _ _ _ _ _ _ _ _ _ _ _ _ _ _ _ _ _ _ _ _ _ _ _ _ _ _ _ _ _ _ _ _ _ _ _ _ _ _ _ _ _ _ _ _ _ _ 

conf = &lt;pyspark.conf.SparkConf object at 0x16734a1e0&gt;
popen_kwargs = {'env': {'BUNDLED_DEBUGPY_PATH': '/Users/david.flores/.vscode/extensions/ms-python.debugpy-2025.10.0-darwin-arm64/bund...COV_CORE_CONFIG': ':', ...}, 'preexec_fn': &lt;function launch_gateway.&lt;locals&gt;.preexec_func at 0x171676840&gt;, 'stdin': -1}

    def launch_gateway(conf=None, popen_kwargs=None):
        """
        launch jvm gateway
    
        Parameters
        ----------
        conf : :py:class:`pyspark.SparkConf`
            spark configuration passed to spark-submit
        popen_kwargs : dict
            Dictionary of kwargs to pass to Popen when spawning
            the py4j JVM. This is a developer feature intended for use in
            customizing how pyspark interacts with the py4j JVM (e.g., capturing
            stdout/stderr).
    
        Returns
        -------
        ClientServer or JavaGateway
        """
        if "PYSPARK_GATEWAY_PORT" in os.environ:
            gateway_port = int(os.environ["PYSPARK_GATEWAY_PORT"])
            gateway_secret = os.environ["PYSPARK_GATEWAY_SECRET"]
            # Process already exists
            proc = None
        else:
            SPARK_HOME = _find_spark_home()
            # Launch the Py4j gateway using Spark's run command so that we pick up the
            # proper classpath and settings from spark-env.sh
            on_windows = platform.system() == "Windows"
            script = "./bin/spark-submit.cmd" if on_windows else "./bin/spark-submit"
            command = [os.path.join(SPARK_HOME, script)]
            if conf:
                for k, v in conf.getAll():
                    command += ["--conf", "%s=%s" % (k, v)]
            submit_args = os.environ.get("PYSPARK_SUBMIT_ARGS", "pyspark-shell")
            if os.environ.get("SPARK_TESTING"):
                submit_args = " ".join(["--conf spark.ui.enabled=false", submit_args])
            command = command + shlex.split(submit_args)
    
            # Create a temporary directory where the gateway server should write the connection
            # information.
            conn_info_dir = tempfile.mkdtemp()
            try:
                fd, conn_info_file = tempfile.mkstemp(dir=conn_info_dir)
                os.close(fd)
                os.unlink(conn_info_file)
    
                env = dict(os.environ)
                env["_PYSPARK_DRIVER_CONN_INFO_PATH"] = conn_info_file
    
                # Launch the Java gateway.
                popen_kwargs = {} if popen_kwargs is None else popen_kwargs
                # We open a pipe to stdin so that the Java gateway can die when the pipe is broken
                popen_kwargs["stdin"] = PIPE
                # We always set the necessary environment variables.
                popen_kwargs["env"] = env
                if not on_windows:
                    # Don't send ctrl-c / SIGINT to the Java gateway:
                    def preexec_func():
                        signal.signal(signal.SIGINT, signal.SIG_IGN)
    
                    popen_kwargs["preexec_fn"] = preexec_func
                    proc = Popen(command, **popen_kwargs)
                else:
                    # preexec_fn not supported on Windows
                    proc = Popen(command, **popen_kwargs)
    
                # Wait for the file to appear, or for the process to exit, whichever happens first.
                while not proc.poll() and not os.path.isfile(conn_info_file):
                    time.sleep(0.1)
    
                if not os.path.isfile(conn_info_file):
&gt;                   raise PySparkRuntimeError(
                        error_class="JAVA_GATEWAY_EXITED",
                        message_parameters={},
                    )
E                   pyspark.errors.exceptions.base.PySparkRuntimeError: [JAVA_GATEWAY_EXITED] Java gateway process exited before sending its port number.

.venv/lib/python3.12/site-packages/pyspark/java_gateway.py:107: PySparkRuntimeError</error></testcase><testcase classname="tests.unit_tests.test_dataprocessor" name="test_save_to_catalog_succesfull" time="0.000"><skipped type="pytest.skip" message="depends on delta tables on Databricks">/Users/david.flores/Documents/repos/marvelous-databricks-course-Davidhflores/tests/unit_tests/test_dataprocessor.py:120: depends on delta tables on Databricks</skipped></testcase></testsuite></testsuites>